2025-07-15 22:27:19 | INFO | ==================================================
2025-07-15 22:27:19 | INFO | 開始生成四季線上電子節目表單
2025-07-15 22:27:19 | INFO | 開始時間: 2025-07-15 22:27:19
2025-07-15 22:27:19 | INFO | 輸出目錄: /home/runner/work/EPG/EPG/output
2025-07-15 22:27:19 | INFO | 正在獲取 四季線上 電子節目表
2025-07-15 22:27:19 | INFO | 從本地文件讀取頻道列表: /home/runner/work/EPG/EPG/output/fourgtv.json
2025-07-15 22:27:19 | DEBUG | 等待 1.51 秒後獲取 民視第一台 節目表
2025-07-15 22:27:21 | SUCCESS | [Cloudscraper] 成功獲取 民視第一台 節目表 (86 個節目)
2025-07-15 22:27:21 | DEBUG | 等待 2.79 秒後獲取 民視台灣台 節目表
2025-07-15 22:27:24 | SUCCESS | [Cloudscraper] 成功獲取 民視台灣台 節目表 (92 個節目)
2025-07-15 22:27:24 | DEBUG | 等待 2.80 秒後獲取 民視 節目表
2025-07-15 22:27:28 | SUCCESS | [Cloudscraper] 成功獲取 民視 節目表 (99 個節目)
2025-07-15 22:27:28 | DEBUG | 等待 1.77 秒後獲取 大愛電視 節目表
2025-07-15 22:27:30 | SUCCESS | [Cloudscraper] 成功獲取 大愛電視 節目表 (204 個節目)
2025-07-15 22:27:30 | DEBUG | 等待 2.64 秒後獲取 中視 節目表
2025-07-15 22:27:33 | SUCCESS | [Cloudscraper] 成功獲取 中視 節目表 (87 個節目)
2025-07-15 22:27:33 | DEBUG | 等待 1.62 秒後獲取 中視經典台 節目表
2025-07-15 22:27:34 | SUCCESS | [Cloudscraper] 成功獲取 中視經典台 節目表 (81 個節目)
2025-07-15 22:27:34 | DEBUG | 等待 2.11 秒後獲取 華視 節目表
2025-07-15 22:27:37 | SUCCESS | [Cloudscraper] 成功獲取 華視 節目表 (72 個節目)
2025-07-15 22:27:37 | DEBUG | 等待 2.55 秒後獲取 三立綜合台 節目表
2025-07-15 22:27:40 | SUCCESS | [Cloudscraper] 成功獲取 三立綜合台 節目表 (72 個節目)
2025-07-15 22:27:40 | DEBUG | 等待 2.32 秒後獲取 客家電視台 節目表
2025-07-15 22:27:42 | SUCCESS | [Cloudscraper] 成功獲取 客家電視台 節目表 (121 個節目)
2025-07-15 22:27:42 | DEBUG | 等待 2.92 秒後獲取 八大綜藝台 節目表
2025-07-15 22:27:46 | SUCCESS | [Cloudscraper] 成功獲取 八大綜藝台 節目表 (72 個節目)
2025-07-15 22:27:46 | DEBUG | 等待 2.25 秒後獲取 中視菁采台 節目表
2025-07-15 22:27:48 | SUCCESS | [Cloudscraper] 成功獲取 中視菁采台 節目表 (63 個節目)
2025-07-15 22:27:48 | DEBUG | 等待 2.19 秒後獲取 TVBS精采台 節目表
2025-07-15 22:27:51 | SUCCESS | [Cloudscraper] 成功獲取 TVBS精采台 節目表 (72 個節目)
2025-07-15 22:27:51 | DEBUG | 等待 2.67 秒後獲取 愛爾達娛樂台 節目表
2025-07-15 22:27:54 | SUCCESS | [Cloudscraper] 成功獲取 愛爾達娛樂台 節目表 (86 個節目)
2025-07-15 22:27:54 | DEBUG | 等待 2.58 秒後獲取 靖天綜合台 節目表
2025-07-15 22:27:57 | SUCCESS | [Cloudscraper] 成功獲取 靖天綜合台 節目表 (72 個節目)
2025-07-15 22:27:57 | DEBUG | 等待 1.22 秒後獲取 靖天日本台 節目表
2025-07-15 22:27:58 | SUCCESS | [Cloudscraper] 成功獲取 靖天日本台 節目表 (63 個節目)
2025-07-15 22:27:58 | DEBUG | 等待 2.96 秒後獲取 新唐人亞太台 節目表
2025-07-15 22:28:02 | SUCCESS | [Cloudscraper] 成功獲取 新唐人亞太台 節目表 (137 個節目)
2025-07-15 22:28:02 | DEBUG | 等待 1.26 秒後獲取 ARIRANG阿里郎頻道 節目表
2025-07-15 22:28:03 | SUCCESS | [Cloudscraper] 成功獲取 ARIRANG阿里郎頻道 節目表 (176 個節目)
2025-07-15 22:28:03 | DEBUG | 等待 2.60 秒後獲取 Global Trekker 節目表
2025-07-15 22:28:06 | SUCCESS | [Cloudscraper] 成功獲取 Global Trekker 節目表 (99 個節目)
2025-07-15 22:28:06 | DEBUG | 等待 1.86 秒後獲取 原住民族電視台 節目表
2025-07-15 22:28:08 | SUCCESS | [Cloudscraper] 成功獲取 原住民族電視台 節目表 (85 個節目)
2025-07-15 22:28:08 | DEBUG | 等待 1.40 秒後獲取 東森購物四台 節目表
2025-07-15 22:28:10 | SUCCESS | [Cloudscraper] 成功獲取 東森購物四台 節目表 (72 個節目)
2025-07-15 22:28:10 | DEBUG | 等待 1.39 秒後獲取 LiveABC互動英語頻道 節目表
2025-07-15 22:28:12 | SUCCESS | [Cloudscraper] 成功獲取 LiveABC互動英語頻道 節目表 (201 個節目)
2025-07-15 22:28:12 | DEBUG | 等待 1.81 秒後獲取 達文西頻道 節目表
2025-07-15 22:28:14 | SUCCESS | [Cloudscraper] 成功獲取 達文西頻道 節目表 (334 個節目)
2025-07-15 22:28:14 | DEBUG | 等待 2.70 秒後獲取 ELTV生活英語台 節目表
2025-07-15 22:28:17 | SUCCESS | [Cloudscraper] 成功獲取 ELTV生活英語台 節目表 (78 個節目)
2025-07-15 22:28:17 | DEBUG | 等待 1.72 秒後獲取 Nick Jr. 兒童頻道 節目表
2025-07-15 22:28:19 | SUCCESS | [Cloudscraper] 成功獲取 Nick Jr. 兒童頻道 節目表 (249 個節目)
2025-07-15 22:28:19 | DEBUG | 等待 1.86 秒後獲取 尼克兒童頻道 節目表
2025-07-15 22:28:21 | SUCCESS | [Cloudscraper] 成功獲取 尼克兒童頻道 節目表 (195 個節目)
2025-07-15 22:28:21 | DEBUG | 等待 1.65 秒後獲取 DreamWorks 夢工廠動畫 節目表
2025-07-15 22:28:23 | SUCCESS | [Cloudscraper] 成功獲取 DreamWorks 夢工廠動畫 節目表 (177 個節目)
2025-07-15 22:28:23 | DEBUG | 等待 2.88 秒後獲取 靖天卡通台 節目表
2025-07-15 22:28:26 | SUCCESS | [Cloudscraper] 成功獲取 靖天卡通台 節目表 (144 個節目)
2025-07-15 22:28:26 | DEBUG | 等待 1.87 秒後獲取 靖洋卡通Nice Bingo 節目表
2025-07-15 22:28:29 | SUCCESS | [Cloudscraper] 成功獲取 靖洋卡通Nice Bingo 節目表 (144 個節目)
2025-07-15 22:28:29 | DEBUG | 等待 1.57 秒後獲取 MOMO親子台 節目表
2025-07-15 22:28:30 | SUCCESS | [Cloudscraper] 成功獲取 MOMO親子台 節目表 (216 個節目)
2025-07-15 22:28:30 | DEBUG | 等待 2.04 秒後獲取 東森購物一台 節目表
2025-07-15 22:28:33 | SUCCESS | [Cloudscraper] 成功獲取 東森購物一台 節目表 (72 個節目)
2025-07-15 22:28:33 | DEBUG | 等待 2.02 秒後獲取 鏡電視新聞台 節目表
2025-07-15 22:28:35 | SUCCESS | [Cloudscraper] 成功獲取 鏡電視新聞台 節目表 (72 個節目)
2025-07-15 22:28:35 | DEBUG | 等待 2.07 秒後獲取 東森新聞台 節目表
2025-07-15 22:28:37 | SUCCESS | [Cloudscraper] 成功獲取 東森新聞台 節目表 (33 個節目)
2025-07-15 22:28:37 | DEBUG | 等待 2.97 秒後獲取 華視新聞 節目表
2025-07-15 22:28:41 | SUCCESS | [Cloudscraper] 成功獲取 華視新聞 節目表 (66 個節目)
2025-07-15 22:28:41 | DEBUG | 等待 1.60 秒後獲取 民視新聞台 節目表
2025-07-15 22:28:43 | SUCCESS | [Cloudscraper] 成功獲取 民視新聞台 節目表 (72 個節目)
2025-07-15 22:28:43 | DEBUG | 等待 1.42 秒後獲取 三立新聞iNEWS 節目表
2025-07-15 22:28:44 | SUCCESS | [Cloudscraper] 成功獲取 三立新聞iNEWS 節目表 (63 個節目)
2025-07-15 22:28:44 | DEBUG | 等待 1.48 秒後獲取 TVBS新聞 節目表
2025-07-15 22:28:46 | SUCCESS | [Cloudscraper] 成功獲取 TVBS新聞 節目表 (72 個節目)
2025-07-15 22:28:46 | DEBUG | 等待 1.40 秒後獲取 東森財經新聞台 節目表
2025-07-15 22:28:48 | SUCCESS | [Cloudscraper] 成功獲取 東森財經新聞台 節目表 (59 個節目)
2025-07-15 22:28:48 | DEBUG | 等待 1.84 秒後獲取 中視新聞 節目表
2025-07-15 22:28:50 | SUCCESS | [Cloudscraper] 成功獲取 中視新聞 節目表 (72 個節目)
2025-07-15 22:28:50 | DEBUG | 等待 1.49 秒後獲取 中天新聞台 節目表
2025-07-15 22:28:52 | SUCCESS | [Cloudscraper] 成功獲取 中天新聞台 節目表 (72 個節目)
2025-07-15 22:28:52 | DEBUG | 等待 2.33 秒後獲取 Bloomberg TV 節目表
2025-07-15 22:28:54 | SUCCESS | [Cloudscraper] 成功獲取 Bloomberg TV 節目表 (60 個節目)
2025-07-15 22:28:54 | DEBUG | 等待 2.90 秒後獲取 寰宇新聞台 節目表
2025-07-15 22:28:58 | SUCCESS | [Cloudscraper] 成功獲取 寰宇新聞台 節目表 (72 個節目)
2025-07-15 22:28:58 | DEBUG | 等待 2.05 秒後獲取 寰宇新聞台灣台 節目表
2025-07-15 22:29:00 | SUCCESS | [Cloudscraper] 成功獲取 寰宇新聞台灣台 節目表 (72 個節目)
2025-07-15 22:29:00 | DEBUG | 等待 1.22 秒後獲取 SBN全球財經台 節目表
2025-07-15 22:29:01 | SUCCESS | [Cloudscraper] 成功獲取 SBN全球財經台 節目表 (144 個節目)
2025-07-15 22:29:01 | DEBUG | 等待 1.38 秒後獲取 TVBS 節目表
2025-07-15 22:29:03 | SUCCESS | [Cloudscraper] 成功獲取 TVBS 節目表 (72 個節目)
2025-07-15 22:29:03 | DEBUG | 等待 1.50 秒後獲取 東森購物二台 節目表
2025-07-15 22:29:05 | SUCCESS | [Cloudscraper] 成功獲取 東森購物二台 節目表 (72 個節目)
2025-07-15 22:29:05 | DEBUG | 等待 1.41 秒後獲取 民視綜藝台 節目表
2025-07-15 22:29:07 | SUCCESS | [Cloudscraper] 成功獲取 民視綜藝台 節目表 (53 個節目)
2025-07-15 22:29:07 | DEBUG | 等待 1.88 秒後獲取 豬哥亮歌廳秀 節目表
2025-07-15 22:29:09 | SUCCESS | [Cloudscraper] 成功獲取 豬哥亮歌廳秀 節目表 (64 個節目)
2025-07-15 22:29:09 | DEBUG | 等待 1.93 秒後獲取 靖天育樂台 節目表
2025-07-15 22:29:11 | SUCCESS | [Cloudscraper] 成功獲取 靖天育樂台 節目表 (73 個節目)
2025-07-15 22:29:11 | DEBUG | 等待 2.05 秒後獲取 KLT-靖天國際台 節目表
2025-07-15 22:29:13 | SUCCESS | [Cloudscraper] 成功獲取 KLT-靖天國際台 節目表 (144 個節目)
2025-07-15 22:29:13 | DEBUG | 等待 2.13 秒後獲取 Nice TV 靖天歡樂台 節目表
2025-07-15 22:29:16 | SUCCESS | [Cloudscraper] 成功獲取 Nice TV 靖天歡樂台 節目表 (66 個節目)
2025-07-15 22:29:16 | DEBUG | 等待 1.74 秒後獲取 靖天資訊台 節目表
2025-07-15 22:29:18 | SUCCESS | [Cloudscraper] 成功獲取 靖天資訊台 節目表 (75 個節目)
2025-07-15 22:29:18 | DEBUG | 等待 1.51 秒後獲取 TVBS歡樂台 節目表
2025-07-15 22:29:20 | SUCCESS | [Cloudscraper] 成功獲取 TVBS歡樂台 節目表 (72 個節目)
2025-07-15 22:29:20 | DEBUG | 等待 2.11 秒後獲取 韓國娛樂台 KMTV 節目表
2025-07-15 22:29:22 | SUCCESS | [Cloudscraper] 成功獲取 韓國娛樂台 KMTV 節目表 (72 個節目)
2025-07-15 22:29:22 | DEBUG | 等待 2.49 秒後獲取 ROCK Entertainment 節目表
2025-07-15 22:29:25 | SUCCESS | [Cloudscraper] 成功獲取 ROCK Entertainment 節目表 (92 個節目)
2025-07-15 22:29:25 | DEBUG | 等待 2.58 秒後獲取 Lifetime 娛樂頻道 節目表
2025-07-15 22:29:28 | SUCCESS | [Cloudscraper] 成功獲取 Lifetime 娛樂頻道 節目表 (71 個節目)
2025-07-15 22:29:28 | DEBUG | 等待 2.99 秒後獲取 電影原聲台CMusic 節目表
2025-07-15 22:29:31 | SUCCESS | [Cloudscraper] 成功獲取 電影原聲台CMusic 節目表 (1384 個節目)
2025-07-15 22:29:31 | DEBUG | 等待 2.08 秒後獲取 TRACE Urban 節目表
2025-07-15 22:29:34 | SUCCESS | [Cloudscraper] 成功獲取 TRACE Urban 節目表 (33 個節目)
2025-07-15 22:29:34 | DEBUG | 等待 1.67 秒後獲取 MTV Live HD 音樂頻道 節目表
2025-07-15 22:29:36 | SUCCESS | [Cloudscraper] 成功獲取 MTV Live HD 音樂頻道 節目表 (68 個節目)
2025-07-15 22:29:36 | DEBUG | 等待 2.25 秒後獲取 Mezzo Live HD 節目表
2025-07-15 22:29:38 | SUCCESS | [Cloudscraper] 成功獲取 Mezzo Live HD 節目表 (53 個節目)
2025-07-15 22:29:38 | DEBUG | 等待 2.51 秒後獲取 CLASSICA 古典樂 節目表
2025-07-15 22:29:41 | SUCCESS | [Cloudscraper] 成功獲取 CLASSICA 古典樂 節目表 (77 個節目)
2025-07-15 22:29:41 | DEBUG | 等待 1.02 秒後獲取 東森購物三台 節目表
2025-07-15 22:29:42 | SUCCESS | [Cloudscraper] 成功獲取 東森購物三台 節目表 (72 個節目)
2025-07-15 22:29:42 | DEBUG | 等待 1.69 秒後獲取 INULTRA 節目表
2025-07-15 22:29:44 | SUCCESS | [Cloudscraper] 成功獲取 INULTRA 節目表 (119 個節目)
2025-07-15 22:29:44 | DEBUG | 等待 2.58 秒後獲取 TRACE Sport Stars 節目表
2025-07-15 22:29:47 | SUCCESS | [Cloudscraper] 成功獲取 TRACE Sport Stars 節目表 (144 個節目)
2025-07-15 22:29:47 | DEBUG | 等待 1.67 秒後獲取 智林體育台 節目表
2025-07-15 22:29:49 | SUCCESS | [Cloudscraper] 成功獲取 智林體育台 節目表 (20 個節目)
2025-07-15 22:29:49 | DEBUG | 等待 1.30 秒後獲取 時尚運動X 節目表
2025-07-15 22:29:51 | SUCCESS | [Cloudscraper] 成功獲取 時尚運動X 節目表 (268 個節目)
2025-07-15 22:29:51 | DEBUG | 等待 1.73 秒後獲取 車迷TV 節目表
2025-07-15 22:29:53 | SUCCESS | [Cloudscraper] 成功獲取 車迷TV 節目表 (126 個節目)
2025-07-15 22:29:53 | DEBUG | 等待 1.46 秒後獲取 GINX Esports TV 節目表
2025-07-15 22:29:55 | SUCCESS | [Cloudscraper] 成功獲取 GINX Esports TV 節目表 (75 個節目)
2025-07-15 22:29:55 | DEBUG | 等待 2.31 秒後獲取 Pet Club TV 節目表
2025-07-15 22:29:57 | SUCCESS | [Cloudscraper] 成功獲取 Pet Club TV 節目表 (80 個節目)
2025-07-15 22:29:57 | DEBUG | 等待 2.27 秒後獲取 民視旅遊台 節目表
2025-07-15 22:30:00 | SUCCESS | [Cloudscraper] 成功獲取 民視旅遊台 節目表 (138 個節目)
2025-07-15 22:30:00 | DEBUG | 等待 2.08 秒後獲取 滾動力rollor 節目表
2025-07-15 22:30:02 | SUCCESS | [Cloudscraper] 成功獲取 滾動力rollor 節目表 (72 個節目)
2025-07-15 22:30:02 | DEBUG | 等待 1.53 秒後獲取 亞洲旅遊台 節目表
2025-07-15 22:30:04 | SUCCESS | [Cloudscraper] 成功獲取 亞洲旅遊台 節目表 (72 個節目)
2025-07-15 22:30:04 | DEBUG | 等待 2.54 秒後獲取 fun探索娛樂台 節目表
2025-07-15 22:30:07 | SUCCESS | [Cloudscraper] 成功獲取 fun探索娛樂台 節目表 (69 個節目)
2025-07-15 22:30:07 | DEBUG | 等待 1.46 秒後獲取 幸福空間居家台 節目表
2025-07-15 22:30:09 | SUCCESS | [Cloudscraper] 成功獲取 幸福空間居家台 節目表 (72 個節目)
2025-07-15 22:30:09 | DEBUG | 等待 1.05 秒後獲取 Love Nature 節目表
2025-07-15 22:30:10 | SUCCESS | [Cloudscraper] 成功獲取 Love Nature 節目表 (81 個節目)
2025-07-15 22:30:10 | DEBUG | 等待 1.28 秒後獲取 History 歷史頻道 節目表
2025-07-15 22:30:12 | SUCCESS | [Cloudscraper] 成功獲取 History 歷史頻道 節目表 (81 個節目)
2025-07-15 22:30:12 | DEBUG | 等待 2.55 秒後獲取 愛爾達生活旅遊台 節目表
2025-07-15 22:30:15 | SUCCESS | [Cloudscraper] 成功獲取 愛爾達生活旅遊台 節目表 (110 個節目)
2025-07-15 22:30:15 | DEBUG | 等待 2.36 秒後獲取 LUXE TV Channel 節目表
2025-07-15 22:30:17 | SUCCESS | [Cloudscraper] 成功獲取 LUXE TV Channel 節目表 (190 個節目)
2025-07-15 22:30:17 | DEBUG | 等待 1.14 秒後獲取 TV5MONDE STYLE HD 生活時尚 節目表
2025-07-15 22:30:19 | SUCCESS | [Cloudscraper] 成功獲取 TV5MONDE STYLE HD 生活時尚 節目表 (121 個節目)
2025-07-15 22:30:19 | DEBUG | 等待 2.85 秒後獲取 MagellanTV頻道 (麥哲倫頻道)  節目表
2025-07-15 22:30:22 | SUCCESS | [Cloudscraper] 成功獲取 MagellanTV頻道 (麥哲倫頻道)  節目表 (90 個節目)
2025-07-15 22:30:22 | DEBUG | 等待 1.43 秒後獲取 公視戲劇 節目表
2025-07-15 22:30:24 | SUCCESS | [Cloudscraper] 成功獲取 公視戲劇 節目表 (60 個節目)
2025-07-15 22:30:24 | DEBUG | 等待 1.41 秒後獲取 民視影劇台 節目表
2025-07-15 22:30:25 | SUCCESS | [Cloudscraper] 成功獲取 民視影劇台 節目表 (61 個節目)
2025-07-15 22:30:25 | DEBUG | 等待 2.28 秒後獲取 HITS頻道 節目表
2025-07-15 22:30:28 | SUCCESS | [Cloudscraper] 成功獲取 HITS頻道 節目表 (89 個節目)
2025-07-15 22:30:28 | DEBUG | 等待 2.16 秒後獲取 八大精彩台 節目表
2025-07-15 22:30:30 | SUCCESS | [Cloudscraper] 成功獲取 八大精彩台 節目表 (72 個節目)
2025-07-15 22:30:30 | DEBUG | 等待 1.90 秒後獲取 霹靂布袋戲 節目表
2025-07-15 22:30:33 | SUCCESS | [Cloudscraper] 成功獲取 霹靂布袋戲 節目表 (60 個節目)
2025-07-15 22:30:33 | DEBUG | 等待 1.91 秒後獲取 靖天戲劇台 節目表
2025-07-15 22:30:35 | SUCCESS | [Cloudscraper] 成功獲取 靖天戲劇台 節目表 (72 個節目)
2025-07-15 22:30:35 | DEBUG | 等待 1.04 秒後獲取 靖洋戲劇台 節目表
2025-07-15 22:30:36 | SUCCESS | [Cloudscraper] 成功獲取 靖洋戲劇台 節目表 (72 個節目)
2025-07-15 22:30:36 | DEBUG | 等待 1.80 秒後獲取 CI 罪案偵查頻道 節目表
2025-07-15 22:30:38 | SUCCESS | [Cloudscraper] 成功獲取 CI 罪案偵查頻道 節目表 (92 個節目)
2025-07-15 22:30:38 | DEBUG | 等待 1.17 秒後獲取 視納華仁紀實頻道 節目表
2025-07-15 22:30:40 | SUCCESS | [Cloudscraper] 成功獲取 視納華仁紀實頻道 節目表 (87 個節目)
2025-07-15 22:30:40 | DEBUG | 等待 1.36 秒後獲取 影迷數位紀實台 節目表
2025-07-15 22:30:42 | SUCCESS | [Cloudscraper] 成功獲取 影迷數位紀實台 節目表 (81 個節目)
2025-07-15 22:30:42 | DEBUG | 等待 2.33 秒後獲取 金光布袋戲 節目表
2025-07-15 22:30:44 | SUCCESS | [Cloudscraper] 成功獲取 金光布袋戲 節目表 (48 個節目)
2025-07-15 22:30:44 | DEBUG | 等待 2.46 秒後獲取 ROCK Action 節目表
2025-07-15 22:30:47 | SUCCESS | [Cloudscraper] 成功獲取 ROCK Action 節目表 (40 個節目)
2025-07-15 22:30:47 | DEBUG | 等待 1.93 秒後獲取 采昌影劇台 節目表
2025-07-15 22:30:49 | SUCCESS | [Cloudscraper] 成功獲取 采昌影劇台 節目表 (45 個節目)
2025-07-15 22:30:49 | DEBUG | 等待 2.04 秒後獲取 靖天映畫 節目表
2025-07-15 22:30:52 | SUCCESS | [Cloudscraper] 成功獲取 靖天映畫 節目表 (36 個節目)
2025-07-15 22:30:52 | DEBUG | 等待 2.82 秒後獲取 靖天電影台 節目表
2025-07-15 22:30:55 | SUCCESS | [Cloudscraper] 成功獲取 靖天電影台 節目表 (39 個節目)
2025-07-15 22:30:55 | DEBUG | 等待 2.09 秒後獲取 影迷數位電影台 節目表
2025-07-15 22:30:58 | SUCCESS | [Cloudscraper] 成功獲取 影迷數位電影台 節目表 (38 個節目)
2025-07-15 22:30:58 | DEBUG | 等待 1.46 秒後獲取 amc電影台 節目表
2025-07-15 22:30:59 | SUCCESS | [Cloudscraper] 成功獲取 amc電影台 節目表 (36 個節目)
2025-07-15 22:30:59 | DEBUG | 等待 2.98 秒後獲取 CinemaWorld 節目表
2025-07-15 22:31:03 | SUCCESS | [Cloudscraper] 成功獲取 CinemaWorld 節目表 (44 個節目)
2025-07-15 22:31:03 | DEBUG | 等待 2.26 秒後獲取 My Cinema Europe HD 我的歐洲電影 節目表
2025-07-15 22:31:06 | SUCCESS | [Cloudscraper] 成功獲取 My Cinema Europe HD 我的歐洲電影 節目表 (45 個節目)
2025-07-15 22:31:06 | DEBUG | 等待 1.90 秒後獲取 好消息 節目表
2025-07-15 22:31:08 | SUCCESS | [Cloudscraper] 成功獲取 好消息 節目表 (162 個節目)
2025-07-15 22:31:08 | DEBUG | 等待 1.04 秒後獲取 好消息2台 節目表
2025-07-15 22:31:09 | SUCCESS | [Cloudscraper] 成功獲取 好消息2台 節目表 (135 個節目)
2025-07-15 22:31:09 | DEBUG | 等待 1.49 秒後獲取 大愛二台 節目表
2025-07-15 22:31:11 | SUCCESS | [Cloudscraper] 成功獲取 大愛二台 節目表 (150 個節目)
2025-07-15 22:31:11 | DEBUG | 等待 2.69 秒後獲取 人間衛視 節目表
2025-07-15 22:31:14 | SUCCESS | [Cloudscraper] 成功獲取 人間衛視 節目表 (84 個節目)
2025-07-15 22:31:14 | DEBUG | 等待 1.01 秒後獲取 NHK WORLD-JAPAN 節目表
2025-07-15 22:31:16 | SUCCESS | [Cloudscraper] 成功獲取 NHK WORLD-JAPAN 節目表 (174 個節目)
2025-07-15 22:31:16 | DEBUG | 等待 2.36 秒後獲取 FRANCE24 英文台 節目表
2025-07-15 22:31:18 | SUCCESS | [Cloudscraper] 成功獲取 FRANCE24 英文台 節目表 (356 個節目)
2025-07-15 22:31:18 | DEBUG | 等待 2.22 秒後獲取 半島國際新聞台 節目表
2025-07-15 22:31:21 | SUCCESS | [Cloudscraper] 成功獲取 半島國際新聞台 節目表 (117 個節目)
2025-07-15 22:31:21 | DEBUG | 等待 2.62 秒後獲取 CNBC Asia 財經台 節目表
2025-07-15 22:31:24 | SUCCESS | [Cloudscraper] 成功獲取 CNBC Asia 財經台 節目表 (141 個節目)
2025-07-15 22:31:24 | DEBUG | 等待 2.21 秒後獲取 DW德國之聲 節目表
2025-07-15 22:31:26 | SUCCESS | [Cloudscraper] 成功獲取 DW德國之聲 節目表 (179 個節目)
2025-07-15 22:31:26 | DEBUG | 等待 2.46 秒後獲取 國會頻道1 節目表
2025-07-15 22:31:29 | SUCCESS | [Cloudscraper] 成功獲取 國會頻道1 節目表 (12 個節目)
2025-07-15 22:31:29 | DEBUG | 等待 1.36 秒後獲取 國會頻道2 節目表
2025-07-15 22:31:31 | SUCCESS | [Cloudscraper] 成功獲取 國會頻道2 節目表 (12 個節目)
2025-07-15 22:31:31 | DEBUG | 等待 1.46 秒後獲取 TVBS綜藝台 節目表
2025-07-15 22:31:32 | SUCCESS | [Cloudscraper] 成功獲取 TVBS綜藝台 節目表 (72 個節目)
2025-07-15 22:31:32 | DEBUG | 等待 1.78 秒後獲取 TVBS台劇台 節目表
2025-07-15 22:31:35 | SUCCESS | [Cloudscraper] 成功獲取 TVBS台劇台 節目表 (72 個節目)
2025-07-15 22:31:35 | DEBUG | 等待 1.96 秒後獲取 經典電影台 節目表
2025-07-15 22:31:37 | SUCCESS | [Cloudscraper] 成功獲取 經典電影台 節目表 (38 個節目)
2025-07-15 22:31:37 | DEBUG | 等待 2.96 秒後獲取 經典卡通台 節目表
2025-07-15 22:31:40 | SUCCESS | [Cloudscraper] 成功獲取 經典卡通台 節目表 (40 個節目)
2025-07-15 22:31:40 | DEBUG | 等待 1.12 秒後獲取 精選動漫台 節目表
2025-07-15 22:31:42 | SUCCESS | [Cloudscraper] 成功獲取 精選動漫台 節目表 (216 個節目)
2025-07-15 22:31:42 | DEBUG | 等待 2.61 秒後獲取 戲劇免費看 1台 節目表
2025-07-15 22:31:44 | SUCCESS | [Cloudscraper] 成功獲取 戲劇免費看 1台 節目表 (108 個節目)
2025-07-15 22:31:44 | INFO | 共獲取 115 個頻道, 12376 個節目
2025-07-15 22:31:45 | INFO | 電子節目表單已生成: /home/runner/work/EPG/EPG/output/4g.xml
2025-07-15 22:31:45 | SUCCESS | EPG生成完成: /home/runner/work/EPG/EPG/output/4g.xml
2025-07-15 23:18:16 | INFO | ==================================================
2025-07-15 23:18:16 | INFO | 開始生成四季線上電子節目表單
2025-07-15 23:18:16 | INFO | 開始時間: 2025-07-15 23:18:16
2025-07-15 23:18:16 | INFO | 輸出目錄: /home/runner/work/EPG/EPG/output
2025-07-15 23:18:16 | INFO | 正在獲取 四季線上 電子節目表
2025-07-15 23:18:16 | INFO | 從本地文件讀取頻道列表: /home/runner/work/EPG/EPG/output/fourgtv.json
2025-07-15 23:18:16 | DEBUG | 等待 1.58 秒後獲取 民視第一台 節目表
2025-07-15 23:18:18 | SUCCESS | [Cloudscraper] 成功獲取 民視第一台 節目表 (86 個節目)
2025-07-15 23:18:18 | DEBUG | 等待 2.03 秒後獲取 民視台灣台 節目表
2025-07-15 23:18:21 | SUCCESS | [Cloudscraper] 成功獲取 民視台灣台 節目表 (92 個節目)
2025-07-15 23:18:21 | DEBUG | 等待 1.78 秒後獲取 民視 節目表
2025-07-15 23:18:23 | SUCCESS | [Cloudscraper] 成功獲取 民視 節目表 (99 個節目)
2025-07-15 23:18:23 | DEBUG | 等待 2.67 秒後獲取 大愛電視 節目表
2025-07-15 23:18:26 | SUCCESS | [Cloudscraper] 成功獲取 大愛電視 節目表 (204 個節目)
2025-07-15 23:18:26 | DEBUG | 等待 1.50 秒後獲取 中視 節目表
2025-07-15 23:18:28 | SUCCESS | [Cloudscraper] 成功獲取 中視 節目表 (87 個節目)
2025-07-15 23:18:28 | DEBUG | 等待 1.76 秒後獲取 中視經典台 節目表
2025-07-15 23:18:30 | SUCCESS | [Cloudscraper] 成功獲取 中視經典台 節目表 (81 個節目)
2025-07-15 23:18:30 | DEBUG | 等待 2.32 秒後獲取 華視 節目表
2025-07-15 23:18:33 | SUCCESS | [Cloudscraper] 成功獲取 華視 節目表 (72 個節目)
2025-07-15 23:18:33 | DEBUG | 等待 1.86 秒後獲取 三立綜合台 節目表
2025-07-15 23:18:35 | SUCCESS | [Cloudscraper] 成功獲取 三立綜合台 節目表 (72 個節目)
2025-07-15 23:18:35 | DEBUG | 等待 1.02 秒後獲取 客家電視台 節目表
2025-07-15 23:18:37 | SUCCESS | [Cloudscraper] 成功獲取 客家電視台 節目表 (121 個節目)
2025-07-15 23:18:37 | DEBUG | 等待 1.10 秒後獲取 八大綜藝台 節目表
2025-07-15 23:18:38 | SUCCESS | [Cloudscraper] 成功獲取 八大綜藝台 節目表 (72 個節目)
2025-07-15 23:18:38 | DEBUG | 等待 2.94 秒後獲取 中視菁采台 節目表
2025-07-15 23:18:41 | SUCCESS | [Cloudscraper] 成功獲取 中視菁采台 節目表 (63 個節目)
2025-07-15 23:18:41 | DEBUG | 等待 2.32 秒後獲取 TVBS精采台 節目表
2025-07-15 23:18:44 | SUCCESS | [Cloudscraper] 成功獲取 TVBS精采台 節目表 (72 個節目)
2025-07-15 23:18:44 | DEBUG | 等待 1.04 秒後獲取 愛爾達娛樂台 節目表
2025-07-15 23:18:45 | SUCCESS | [Cloudscraper] 成功獲取 愛爾達娛樂台 節目表 (86 個節目)
2025-07-15 23:18:45 | DEBUG | 等待 1.36 秒後獲取 靖天綜合台 節目表
2025-07-15 23:18:47 | SUCCESS | [Cloudscraper] 成功獲取 靖天綜合台 節目表 (72 個節目)
2025-07-15 23:18:47 | DEBUG | 等待 2.48 秒後獲取 靖天日本台 節目表
2025-07-15 23:18:50 | SUCCESS | [Cloudscraper] 成功獲取 靖天日本台 節目表 (63 個節目)
2025-07-15 23:18:50 | DEBUG | 等待 2.47 秒後獲取 新唐人亞太台 節目表
2025-07-15 23:18:53 | SUCCESS | [Cloudscraper] 成功獲取 新唐人亞太台 節目表 (137 個節目)
2025-07-15 23:18:53 | DEBUG | 等待 2.57 秒後獲取 ARIRANG阿里郎頻道 節目表
2025-07-15 23:18:56 | SUCCESS | [Cloudscraper] 成功獲取 ARIRANG阿里郎頻道 節目表 (176 個節目)
2025-07-15 23:18:56 | DEBUG | 等待 1.29 秒後獲取 Global Trekker 節目表
2025-07-15 23:18:57 | SUCCESS | [Cloudscraper] 成功獲取 Global Trekker 節目表 (99 個節目)
2025-07-15 23:18:57 | DEBUG | 等待 2.69 秒後獲取 原住民族電視台 節目表
2025-07-15 23:19:00 | SUCCESS | [Cloudscraper] 成功獲取 原住民族電視台 節目表 (85 個節目)
2025-07-15 23:19:00 | DEBUG | 等待 2.03 秒後獲取 東森購物四台 節目表
2025-07-15 23:19:03 | SUCCESS | [Cloudscraper] 成功獲取 東森購物四台 節目表 (72 個節目)
2025-07-15 23:19:03 | DEBUG | 等待 2.75 秒後獲取 LiveABC互動英語頻道 節目表
2025-07-15 23:19:06 | SUCCESS | [Cloudscraper] 成功獲取 LiveABC互動英語頻道 節目表 (201 個節目)
2025-07-15 23:19:06 | DEBUG | 等待 2.94 秒後獲取 達文西頻道 節目表
2025-07-15 23:19:10 | SUCCESS | [Cloudscraper] 成功獲取 達文西頻道 節目表 (334 個節目)
2025-07-15 23:19:10 | DEBUG | 等待 1.07 秒後獲取 ELTV生活英語台 節目表
2025-07-15 23:19:11 | SUCCESS | [Cloudscraper] 成功獲取 ELTV生活英語台 節目表 (78 個節目)
2025-07-15 23:19:11 | DEBUG | 等待 2.43 秒後獲取 Nick Jr. 兒童頻道 節目表
2025-07-15 23:19:14 | SUCCESS | [Cloudscraper] 成功獲取 Nick Jr. 兒童頻道 節目表 (249 個節目)
2025-07-15 23:19:14 | DEBUG | 等待 2.82 秒後獲取 尼克兒童頻道 節目表
2025-07-15 23:19:17 | SUCCESS | [Cloudscraper] 成功獲取 尼克兒童頻道 節目表 (195 個節目)
2025-07-15 23:19:17 | DEBUG | 等待 1.60 秒後獲取 DreamWorks 夢工廠動畫 節目表
2025-07-15 23:19:19 | SUCCESS | [Cloudscraper] 成功獲取 DreamWorks 夢工廠動畫 節目表 (177 個節目)
2025-07-15 23:19:19 | DEBUG | 等待 1.20 秒後獲取 靖天卡通台 節目表
2025-07-15 23:19:20 | SUCCESS | [Cloudscraper] 成功獲取 靖天卡通台 節目表 (144 個節目)
2025-07-15 23:19:20 | DEBUG | 等待 1.89 秒後獲取 靖洋卡通Nice Bingo 節目表
2025-07-15 23:19:23 | SUCCESS | [Cloudscraper] 成功獲取 靖洋卡通Nice Bingo 節目表 (144 個節目)
2025-07-15 23:19:23 | DEBUG | 等待 1.64 秒後獲取 MOMO親子台 節目表
2025-07-15 23:19:25 | SUCCESS | [Cloudscraper] 成功獲取 MOMO親子台 節目表 (216 個節目)
2025-07-15 23:19:25 | DEBUG | 等待 2.31 秒後獲取 東森購物一台 節目表
2025-07-15 23:19:27 | SUCCESS | [Cloudscraper] 成功獲取 東森購物一台 節目表 (72 個節目)
2025-07-15 23:19:27 | DEBUG | 等待 2.09 秒後獲取 鏡電視新聞台 節目表
2025-07-15 23:19:30 | SUCCESS | [Cloudscraper] 成功獲取 鏡電視新聞台 節目表 (72 個節目)
2025-07-15 23:19:30 | DEBUG | 等待 1.04 秒後獲取 東森新聞台 節目表
2025-07-15 23:19:31 | SUCCESS | [Cloudscraper] 成功獲取 東森新聞台 節目表 (33 個節目)
2025-07-15 23:19:31 | DEBUG | 等待 2.87 秒後獲取 華視新聞 節目表
2025-07-15 23:19:34 | SUCCESS | [Cloudscraper] 成功獲取 華視新聞 節目表 (66 個節目)
2025-07-15 23:19:34 | DEBUG | 等待 2.52 秒後獲取 民視新聞台 節目表
2025-07-15 23:19:37 | SUCCESS | [Cloudscraper] 成功獲取 民視新聞台 節目表 (72 個節目)
2025-07-15 23:19:37 | DEBUG | 等待 1.76 秒後獲取 三立新聞iNEWS 節目表
2025-07-15 23:19:39 | SUCCESS | [Cloudscraper] 成功獲取 三立新聞iNEWS 節目表 (63 個節目)
2025-07-15 23:19:39 | DEBUG | 等待 2.92 秒後獲取 TVBS新聞 節目表
2025-07-15 23:19:43 | SUCCESS | [Cloudscraper] 成功獲取 TVBS新聞 節目表 (72 個節目)
2025-07-15 23:19:43 | DEBUG | 等待 2.77 秒後獲取 東森財經新聞台 節目表
2025-07-15 23:19:46 | SUCCESS | [Cloudscraper] 成功獲取 東森財經新聞台 節目表 (59 個節目)
2025-07-15 23:19:46 | DEBUG | 等待 2.30 秒後獲取 中視新聞 節目表
2025-07-15 23:19:48 | SUCCESS | [Cloudscraper] 成功獲取 中視新聞 節目表 (72 個節目)
2025-07-15 23:19:48 | DEBUG | 等待 1.83 秒後獲取 中天新聞台 節目表
2025-07-15 23:19:50 | SUCCESS | [Cloudscraper] 成功獲取 中天新聞台 節目表 (72 個節目)
2025-07-15 23:19:50 | DEBUG | 等待 1.31 秒後獲取 Bloomberg TV 節目表
2025-07-15 23:19:52 | SUCCESS | [Cloudscraper] 成功獲取 Bloomberg TV 節目表 (60 個節目)
2025-07-15 23:19:52 | DEBUG | 等待 2.87 秒後獲取 寰宇新聞台 節目表
2025-07-15 23:19:55 | SUCCESS | [Cloudscraper] 成功獲取 寰宇新聞台 節目表 (72 個節目)
2025-07-15 23:19:55 | DEBUG | 等待 2.31 秒後獲取 寰宇新聞台灣台 節目表
2025-07-15 23:19:58 | SUCCESS | [Cloudscraper] 成功獲取 寰宇新聞台灣台 節目表 (72 個節目)
2025-07-15 23:19:58 | DEBUG | 等待 1.18 秒後獲取 SBN全球財經台 節目表
2025-07-15 23:19:59 | SUCCESS | [Cloudscraper] 成功獲取 SBN全球財經台 節目表 (144 個節目)
2025-07-15 23:19:59 | DEBUG | 等待 2.83 秒後獲取 TVBS 節目表
2025-07-15 23:20:03 | SUCCESS | [Cloudscraper] 成功獲取 TVBS 節目表 (72 個節目)
2025-07-15 23:20:03 | DEBUG | 等待 2.19 秒後獲取 東森購物二台 節目表
2025-07-15 23:20:05 | SUCCESS | [Cloudscraper] 成功獲取 東森購物二台 節目表 (72 個節目)
2025-07-15 23:20:05 | DEBUG | 等待 2.31 秒後獲取 民視綜藝台 節目表
2025-07-15 23:20:08 | SUCCESS | [Cloudscraper] 成功獲取 民視綜藝台 節目表 (53 個節目)
2025-07-15 23:20:08 | DEBUG | 等待 2.06 秒後獲取 豬哥亮歌廳秀 節目表
2025-07-15 23:20:10 | SUCCESS | [Cloudscraper] 成功獲取 豬哥亮歌廳秀 節目表 (64 個節目)
2025-07-15 23:20:10 | DEBUG | 等待 2.90 秒後獲取 靖天育樂台 節目表
2025-07-15 23:20:13 | SUCCESS | [Cloudscraper] 成功獲取 靖天育樂台 節目表 (73 個節目)
2025-07-15 23:20:13 | DEBUG | 等待 1.71 秒後獲取 KLT-靖天國際台 節目表
2025-07-15 23:20:16 | SUCCESS | [Cloudscraper] 成功獲取 KLT-靖天國際台 節目表 (144 個節目)
2025-07-15 23:20:16 | DEBUG | 等待 2.62 秒後獲取 Nice TV 靖天歡樂台 節目表
2025-07-15 23:20:18 | SUCCESS | [Cloudscraper] 成功獲取 Nice TV 靖天歡樂台 節目表 (66 個節目)
2025-07-15 23:20:18 | DEBUG | 等待 2.70 秒後獲取 靖天資訊台 節目表
2025-07-15 23:20:21 | SUCCESS | [Cloudscraper] 成功獲取 靖天資訊台 節目表 (75 個節目)
2025-07-15 23:20:21 | DEBUG | 等待 2.12 秒後獲取 TVBS歡樂台 節目表
2025-07-15 23:20:24 | SUCCESS | [Cloudscraper] 成功獲取 TVBS歡樂台 節目表 (72 個節目)
2025-07-15 23:20:24 | DEBUG | 等待 1.14 秒後獲取 韓國娛樂台 KMTV 節目表
2025-07-15 23:20:26 | SUCCESS | [Cloudscraper] 成功獲取 韓國娛樂台 KMTV 節目表 (72 個節目)
2025-07-15 23:20:26 | DEBUG | 等待 2.82 秒後獲取 ROCK Entertainment 節目表
2025-07-15 23:20:29 | SUCCESS | [Cloudscraper] 成功獲取 ROCK Entertainment 節目表 (92 個節目)
2025-07-15 23:20:29 | DEBUG | 等待 1.37 秒後獲取 Lifetime 娛樂頻道 節目表
2025-07-15 23:20:30 | SUCCESS | [Cloudscraper] 成功獲取 Lifetime 娛樂頻道 節目表 (71 個節目)
2025-07-15 23:20:30 | DEBUG | 等待 2.27 秒後獲取 電影原聲台CMusic 節目表
2025-07-15 23:20:33 | SUCCESS | [Cloudscraper] 成功獲取 電影原聲台CMusic 節目表 (1384 個節目)
2025-07-15 23:20:33 | DEBUG | 等待 1.40 秒後獲取 TRACE Urban 節目表
2025-07-15 23:20:35 | SUCCESS | [Cloudscraper] 成功獲取 TRACE Urban 節目表 (33 個節目)
2025-07-15 23:20:35 | DEBUG | 等待 2.90 秒後獲取 MTV Live HD 音樂頻道 節目表
2025-07-15 23:20:38 | SUCCESS | [Cloudscraper] 成功獲取 MTV Live HD 音樂頻道 節目表 (68 個節目)
2025-07-15 23:20:38 | DEBUG | 等待 1.46 秒後獲取 Mezzo Live HD 節目表
2025-07-15 23:20:40 | SUCCESS | [Cloudscraper] 成功獲取 Mezzo Live HD 節目表 (53 個節目)
2025-07-15 23:20:40 | DEBUG | 等待 2.38 秒後獲取 CLASSICA 古典樂 節目表
2025-07-15 23:20:43 | SUCCESS | [Cloudscraper] 成功獲取 CLASSICA 古典樂 節目表 (77 個節目)
2025-07-15 23:20:43 | DEBUG | 等待 1.32 秒後獲取 東森購物三台 節目表
2025-07-15 23:20:44 | SUCCESS | [Cloudscraper] 成功獲取 東森購物三台 節目表 (72 個節目)
2025-07-15 23:20:44 | DEBUG | 等待 2.16 秒後獲取 INULTRA 節目表
2025-07-15 23:20:47 | SUCCESS | [Cloudscraper] 成功獲取 INULTRA 節目表 (119 個節目)
2025-07-15 23:20:47 | DEBUG | 等待 2.22 秒後獲取 TRACE Sport Stars 節目表
2025-07-15 23:20:49 | SUCCESS | [Cloudscraper] 成功獲取 TRACE Sport Stars 節目表 (144 個節目)
2025-07-15 23:20:49 | DEBUG | 等待 1.72 秒後獲取 智林體育台 節目表
2025-07-15 23:20:52 | SUCCESS | [Cloudscraper] 成功獲取 智林體育台 節目表 (20 個節目)
2025-07-15 23:20:52 | DEBUG | 等待 2.19 秒後獲取 時尚運動X 節目表
2025-07-15 23:20:54 | SUCCESS | [Cloudscraper] 成功獲取 時尚運動X 節目表 (268 個節目)
2025-07-15 23:20:54 | DEBUG | 等待 2.56 秒後獲取 車迷TV 節目表
2025-07-15 23:20:57 | SUCCESS | [Cloudscraper] 成功獲取 車迷TV 節目表 (126 個節目)
2025-07-15 23:20:57 | DEBUG | 等待 2.53 秒後獲取 GINX Esports TV 節目表
2025-07-15 23:21:00 | SUCCESS | [Cloudscraper] 成功獲取 GINX Esports TV 節目表 (75 個節目)
2025-07-15 23:21:00 | DEBUG | 等待 1.15 秒後獲取 Pet Club TV 節目表
2025-07-15 23:21:02 | SUCCESS | [Cloudscraper] 成功獲取 Pet Club TV 節目表 (80 個節目)
2025-07-15 23:21:02 | DEBUG | 等待 2.06 秒後獲取 民視旅遊台 節目表
2025-07-15 23:21:04 | SUCCESS | [Cloudscraper] 成功獲取 民視旅遊台 節目表 (138 個節目)
2025-07-15 23:21:04 | DEBUG | 等待 1.50 秒後獲取 滾動力rollor 節目表
2025-07-15 23:21:06 | SUCCESS | [Cloudscraper] 成功獲取 滾動力rollor 節目表 (72 個節目)
2025-07-15 23:21:06 | DEBUG | 等待 2.91 秒後獲取 亞洲旅遊台 節目表
2025-07-15 23:21:09 | SUCCESS | [Cloudscraper] 成功獲取 亞洲旅遊台 節目表 (72 個節目)
2025-07-15 23:21:09 | DEBUG | 等待 2.66 秒後獲取 fun探索娛樂台 節目表
2025-07-15 23:21:12 | SUCCESS | [Cloudscraper] 成功獲取 fun探索娛樂台 節目表 (69 個節目)
2025-07-15 23:21:12 | DEBUG | 等待 1.69 秒後獲取 幸福空間居家台 節目表
2025-07-15 23:21:14 | SUCCESS | [Cloudscraper] 成功獲取 幸福空間居家台 節目表 (72 個節目)
2025-07-15 23:21:14 | DEBUG | 等待 1.86 秒後獲取 Love Nature 節目表
2025-07-15 23:21:16 | SUCCESS | [Cloudscraper] 成功獲取 Love Nature 節目表 (81 個節目)
2025-07-15 23:21:16 | DEBUG | 等待 1.91 秒後獲取 History 歷史頻道 節目表
2025-07-15 23:21:19 | SUCCESS | [Cloudscraper] 成功獲取 History 歷史頻道 節目表 (81 個節目)
2025-07-15 23:21:19 | DEBUG | 等待 2.81 秒後獲取 愛爾達生活旅遊台 節目表
2025-07-15 23:21:22 | SUCCESS | [Cloudscraper] 成功獲取 愛爾達生活旅遊台 節目表 (110 個節目)
2025-07-15 23:21:22 | DEBUG | 等待 2.67 秒後獲取 LUXE TV Channel 節目表
2025-07-15 23:21:25 | SUCCESS | [Cloudscraper] 成功獲取 LUXE TV Channel 節目表 (190 個節目)
2025-07-15 23:21:25 | DEBUG | 等待 2.07 秒後獲取 TV5MONDE STYLE HD 生活時尚 節目表
2025-07-15 23:21:27 | SUCCESS | [Cloudscraper] 成功獲取 TV5MONDE STYLE HD 生活時尚 節目表 (121 個節目)
2025-07-15 23:21:27 | DEBUG | 等待 2.98 秒後獲取 MagellanTV頻道 (麥哲倫頻道)  節目表
2025-07-15 23:21:30 | SUCCESS | [Cloudscraper] 成功獲取 MagellanTV頻道 (麥哲倫頻道)  節目表 (90 個節目)
2025-07-15 23:21:30 | DEBUG | 等待 2.67 秒後獲取 公視戲劇 節目表
2025-07-15 23:21:33 | SUCCESS | [Cloudscraper] 成功獲取 公視戲劇 節目表 (60 個節目)
2025-07-15 23:21:33 | DEBUG | 等待 1.00 秒後獲取 民視影劇台 節目表
2025-07-15 23:21:35 | SUCCESS | [Cloudscraper] 成功獲取 民視影劇台 節目表 (61 個節目)
2025-07-15 23:21:35 | DEBUG | 等待 1.95 秒後獲取 HITS頻道 節目表
2025-07-15 23:21:37 | SUCCESS | [Cloudscraper] 成功獲取 HITS頻道 節目表 (89 個節目)
2025-07-15 23:21:37 | DEBUG | 等待 1.89 秒後獲取 八大精彩台 節目表
2025-07-15 23:21:39 | SUCCESS | [Cloudscraper] 成功獲取 八大精彩台 節目表 (72 個節目)
2025-07-15 23:21:39 | DEBUG | 等待 2.35 秒後獲取 霹靂布袋戲 節目表
2025-07-15 23:21:42 | SUCCESS | [Cloudscraper] 成功獲取 霹靂布袋戲 節目表 (60 個節目)
2025-07-15 23:21:42 | DEBUG | 等待 1.33 秒後獲取 靖天戲劇台 節目表
2025-07-15 23:21:44 | SUCCESS | [Cloudscraper] 成功獲取 靖天戲劇台 節目表 (72 個節目)
2025-07-15 23:21:44 | DEBUG | 等待 2.80 秒後獲取 靖洋戲劇台 節目表
2025-07-15 23:21:47 | SUCCESS | [Cloudscraper] 成功獲取 靖洋戲劇台 節目表 (72 個節目)
2025-07-15 23:21:47 | DEBUG | 等待 2.27 秒後獲取 CI 罪案偵查頻道 節目表
2025-07-15 23:21:50 | SUCCESS | [Cloudscraper] 成功獲取 CI 罪案偵查頻道 節目表 (92 個節目)
2025-07-15 23:21:50 | DEBUG | 等待 1.55 秒後獲取 視納華仁紀實頻道 節目表
2025-07-15 23:21:52 | SUCCESS | [Cloudscraper] 成功獲取 視納華仁紀實頻道 節目表 (87 個節目)
2025-07-15 23:21:52 | DEBUG | 等待 2.35 秒後獲取 影迷數位紀實台 節目表
2025-07-15 23:21:54 | SUCCESS | [Cloudscraper] 成功獲取 影迷數位紀實台 節目表 (81 個節目)
2025-07-15 23:21:54 | DEBUG | 等待 2.32 秒後獲取 金光布袋戲 節目表
2025-07-15 23:21:57 | SUCCESS | [Cloudscraper] 成功獲取 金光布袋戲 節目表 (48 個節目)
2025-07-15 23:21:57 | DEBUG | 等待 2.77 秒後獲取 ROCK Action 節目表
2025-07-15 23:22:00 | SUCCESS | [Cloudscraper] 成功獲取 ROCK Action 節目表 (40 個節目)
2025-07-15 23:22:00 | DEBUG | 等待 2.02 秒後獲取 采昌影劇台 節目表
2025-07-15 23:22:02 | SUCCESS | [Cloudscraper] 成功獲取 采昌影劇台 節目表 (45 個節目)
2025-07-15 23:22:02 | DEBUG | 等待 1.43 秒後獲取 靖天映畫 節目表
2025-07-15 23:22:04 | SUCCESS | [Cloudscraper] 成功獲取 靖天映畫 節目表 (36 個節目)
2025-07-15 23:22:04 | DEBUG | 等待 2.72 秒後獲取 靖天電影台 節目表
2025-07-15 23:22:07 | SUCCESS | [Cloudscraper] 成功獲取 靖天電影台 節目表 (39 個節目)
2025-07-15 23:22:07 | DEBUG | 等待 1.99 秒後獲取 影迷數位電影台 節目表
2025-07-15 23:22:10 | SUCCESS | [Cloudscraper] 成功獲取 影迷數位電影台 節目表 (38 個節目)
2025-07-15 23:22:10 | DEBUG | 等待 2.42 秒後獲取 amc電影台 節目表
2025-07-15 23:22:12 | SUCCESS | [Cloudscraper] 成功獲取 amc電影台 節目表 (36 個節目)
2025-07-15 23:22:12 | DEBUG | 等待 2.02 秒後獲取 CinemaWorld 節目表
2025-07-15 23:22:15 | SUCCESS | [Cloudscraper] 成功獲取 CinemaWorld 節目表 (44 個節目)
2025-07-15 23:22:15 | DEBUG | 等待 1.86 秒後獲取 My Cinema Europe HD 我的歐洲電影 節目表
2025-07-15 23:22:17 | SUCCESS | [Cloudscraper] 成功獲取 My Cinema Europe HD 我的歐洲電影 節目表 (45 個節目)
2025-07-15 23:22:17 | DEBUG | 等待 2.57 秒後獲取 好消息 節目表
2025-07-15 23:22:20 | SUCCESS | [Cloudscraper] 成功獲取 好消息 節目表 (162 個節目)
2025-07-15 23:22:20 | DEBUG | 等待 2.62 秒後獲取 好消息2台 節目表
2025-07-15 23:22:23 | SUCCESS | [Cloudscraper] 成功獲取 好消息2台 節目表 (135 個節目)
2025-07-15 23:22:23 | DEBUG | 等待 2.56 秒後獲取 大愛二台 節目表
2025-07-15 23:22:26 | SUCCESS | [Cloudscraper] 成功獲取 大愛二台 節目表 (150 個節目)
2025-07-15 23:22:26 | DEBUG | 等待 1.14 秒後獲取 人間衛視 節目表
2025-07-15 23:22:27 | SUCCESS | [Cloudscraper] 成功獲取 人間衛視 節目表 (84 個節目)
2025-07-15 23:22:27 | DEBUG | 等待 1.10 秒後獲取 NHK WORLD-JAPAN 節目表
2025-07-15 23:22:29 | SUCCESS | [Cloudscraper] 成功獲取 NHK WORLD-JAPAN 節目表 (174 個節目)
2025-07-15 23:22:29 | DEBUG | 等待 1.30 秒後獲取 FRANCE24 英文台 節目表
2025-07-15 23:22:31 | SUCCESS | [Cloudscraper] 成功獲取 FRANCE24 英文台 節目表 (356 個節目)
2025-07-15 23:22:31 | DEBUG | 等待 1.09 秒後獲取 半島國際新聞台 節目表
2025-07-15 23:22:32 | SUCCESS | [Cloudscraper] 成功獲取 半島國際新聞台 節目表 (117 個節目)
2025-07-15 23:22:32 | DEBUG | 等待 1.55 秒後獲取 CNBC Asia 財經台 節目表
2025-07-15 23:22:34 | SUCCESS | [Cloudscraper] 成功獲取 CNBC Asia 財經台 節目表 (141 個節目)
2025-07-15 23:22:34 | DEBUG | 等待 1.13 秒後獲取 DW德國之聲 節目表
2025-07-15 23:22:35 | SUCCESS | [Cloudscraper] 成功獲取 DW德國之聲 節目表 (179 個節目)
2025-07-15 23:22:35 | DEBUG | 等待 1.65 秒後獲取 國會頻道1 節目表
2025-07-15 23:22:37 | SUCCESS | [Cloudscraper] 成功獲取 國會頻道1 節目表 (12 個節目)
2025-07-15 23:22:37 | DEBUG | 等待 1.44 秒後獲取 國會頻道2 節目表
2025-07-15 23:22:39 | SUCCESS | [Cloudscraper] 成功獲取 國會頻道2 節目表 (12 個節目)
2025-07-15 23:22:39 | DEBUG | 等待 1.39 秒後獲取 TVBS綜藝台 節目表
2025-07-15 23:22:41 | SUCCESS | [Cloudscraper] 成功獲取 TVBS綜藝台 節目表 (72 個節目)
2025-07-15 23:22:41 | DEBUG | 等待 1.22 秒後獲取 TVBS台劇台 節目表
2025-07-15 23:22:43 | SUCCESS | [Cloudscraper] 成功獲取 TVBS台劇台 節目表 (72 個節目)
2025-07-15 23:22:43 | DEBUG | 等待 2.27 秒後獲取 經典電影台 節目表
2025-07-15 23:22:45 | SUCCESS | [Cloudscraper] 成功獲取 經典電影台 節目表 (38 個節目)
2025-07-15 23:22:45 | DEBUG | 等待 2.53 秒後獲取 經典卡通台 節目表
2025-07-15 23:22:48 | SUCCESS | [Cloudscraper] 成功獲取 經典卡通台 節目表 (40 個節目)
2025-07-15 23:22:48 | DEBUG | 等待 2.89 秒後獲取 精選動漫台 節目表
2025-07-15 23:22:51 | SUCCESS | [Cloudscraper] 成功獲取 精選動漫台 節目表 (216 個節目)
2025-07-15 23:22:51 | DEBUG | 等待 1.86 秒後獲取 戲劇免費看 1台 節目表
2025-07-15 23:22:54 | SUCCESS | [Cloudscraper] 成功獲取 戲劇免費看 1台 節目表 (108 個節目)
2025-07-15 23:22:54 | INFO | 共獲取 115 個頻道, 12376 個節目
2025-07-15 23:22:54 | INFO | 電子節目表單已生成: /home/runner/work/EPG/EPG/output/4g.xml
2025-07-15 23:22:54 | SUCCESS | EPG生成完成: /home/runner/work/EPG/EPG/output/4g.xml
2025-07-16 12:16:19 | INFO | ==================================================
2025-07-16 12:16:19 | INFO | 開始生成四季線上電子節目表單
2025-07-16 12:16:19 | INFO | 開始時間: 2025-07-16 12:16:19
2025-07-16 12:16:19 | INFO | 輸出目錄: /home/runner/work/EPG/EPG/output
2025-07-16 12:16:19 | INFO | 正在獲取 四季線上 電子節目表
2025-07-16 12:16:19 | INFO | 從本地文件讀取頻道列表: /home/runner/work/EPG/EPG/output/fourgtv.json
2025-07-16 12:16:19 | DEBUG | 等待 1.53 秒後獲取 民視第一台 節目表
2025-07-16 12:16:21 | SUCCESS | 成功獲取 民視第一台 節目表 (86 個節目)
2025-07-16 12:16:21 | DEBUG | 等待 1.23 秒後獲取 民視台灣台 節目表
2025-07-16 12:16:22 | SUCCESS | 成功獲取 民視台灣台 節目表 (92 個節目)
2025-07-16 12:16:22 | DEBUG | 等待 1.71 秒後獲取 民視 節目表
2025-07-16 12:16:24 | SUCCESS | 成功獲取 民視 節目表 (99 個節目)
2025-07-16 12:16:24 | DEBUG | 等待 2.78 秒後獲取 大愛電視 節目表
2025-07-16 12:16:27 | SUCCESS | 成功獲取 大愛電視 節目表 (204 個節目)
2025-07-16 12:16:27 | DEBUG | 等待 2.51 秒後獲取 中視 節目表
2025-07-16 12:16:30 | SUCCESS | 成功獲取 中視 節目表 (87 個節目)
2025-07-16 12:16:30 | DEBUG | 等待 2.27 秒後獲取 中視經典台 節目表
2025-07-16 12:16:33 | SUCCESS | 成功獲取 中視經典台 節目表 (81 個節目)
2025-07-16 12:16:33 | DEBUG | 等待 2.22 秒後獲取 華視 節目表
2025-07-16 12:16:36 | SUCCESS | 成功獲取 華視 節目表 (72 個節目)
2025-07-16 12:16:36 | DEBUG | 等待 2.02 秒後獲取 三立綜合台 節目表
2025-07-16 12:16:38 | SUCCESS | 成功獲取 三立綜合台 節目表 (72 個節目)
2025-07-16 12:16:38 | DEBUG | 等待 1.11 秒後獲取 客家電視台 節目表
2025-07-16 12:16:39 | SUCCESS | 成功獲取 客家電視台 節目表 (121 個節目)
2025-07-16 12:16:39 | DEBUG | 等待 1.44 秒後獲取 八大綜藝台 節目表
2025-07-16 12:16:41 | SUCCESS | 成功獲取 八大綜藝台 節目表 (72 個節目)
2025-07-16 12:16:41 | DEBUG | 等待 1.76 秒後獲取 中視菁采台 節目表
2025-07-16 12:16:43 | SUCCESS | 成功獲取 中視菁采台 節目表 (63 個節目)
2025-07-16 12:16:43 | DEBUG | 等待 2.33 秒後獲取 TVBS精采台 節目表
2025-07-16 12:16:46 | SUCCESS | 成功獲取 TVBS精采台 節目表 (72 個節目)
2025-07-16 12:16:46 | DEBUG | 等待 1.54 秒後獲取 愛爾達娛樂台 節目表
2025-07-16 12:16:48 | SUCCESS | 成功獲取 愛爾達娛樂台 節目表 (86 個節目)
2025-07-16 12:16:48 | DEBUG | 等待 1.43 秒後獲取 靖天綜合台 節目表
2025-07-16 12:16:49 | SUCCESS | 成功獲取 靖天綜合台 節目表 (72 個節目)
2025-07-16 12:16:49 | DEBUG | 等待 1.95 秒後獲取 靖天日本台 節目表
2025-07-16 12:16:52 | SUCCESS | 成功獲取 靖天日本台 節目表 (63 個節目)
2025-07-16 12:16:52 | DEBUG | 等待 2.18 秒後獲取 新唐人亞太台 節目表
2025-07-16 12:16:54 | SUCCESS | 成功獲取 新唐人亞太台 節目表 (137 個節目)
2025-07-16 12:16:54 | DEBUG | 等待 1.01 秒後獲取 ARIRANG阿里郎頻道 節目表
2025-07-16 12:16:55 | SUCCESS | 成功獲取 ARIRANG阿里郎頻道 節目表 (176 個節目)
2025-07-16 12:16:55 | DEBUG | 等待 1.81 秒後獲取 Global Trekker 節目表
2025-07-16 12:16:58 | SUCCESS | 成功獲取 Global Trekker 節目表 (99 個節目)
2025-07-16 12:16:58 | DEBUG | 等待 1.26 秒後獲取 原住民族電視台 節目表
2025-07-16 12:16:59 | SUCCESS | 成功獲取 原住民族電視台 節目表 (85 個節目)
2025-07-16 12:16:59 | DEBUG | 等待 2.56 秒後獲取 東森購物四台 節目表
2025-07-16 12:17:02 | SUCCESS | 成功獲取 東森購物四台 節目表 (72 個節目)
2025-07-16 12:17:02 | DEBUG | 等待 2.30 秒後獲取 LiveABC互動英語頻道 節目表
2025-07-16 12:17:05 | SUCCESS | 成功獲取 LiveABC互動英語頻道 節目表 (201 個節目)
2025-07-16 12:17:05 | DEBUG | 等待 2.49 秒後獲取 達文西頻道 節目表
2025-07-16 12:17:07 | SUCCESS | 成功獲取 達文西頻道 節目表 (334 個節目)
2025-07-16 12:17:07 | DEBUG | 等待 2.19 秒後獲取 ELTV生活英語台 節目表
2025-07-16 12:17:10 | SUCCESS | 成功獲取 ELTV生活英語台 節目表 (78 個節目)
2025-07-16 12:17:10 | DEBUG | 等待 1.11 秒後獲取 Nick Jr. 兒童頻道 節目表
2025-07-16 12:17:11 | SUCCESS | 成功獲取 Nick Jr. 兒童頻道 節目表 (249 個節目)
2025-07-16 12:17:11 | DEBUG | 等待 1.68 秒後獲取 尼克兒童頻道 節目表
2025-07-16 12:17:13 | SUCCESS | 成功獲取 尼克兒童頻道 節目表 (195 個節目)
2025-07-16 12:17:13 | DEBUG | 等待 2.56 秒後獲取 DreamWorks 夢工廠動畫 節目表
2025-07-16 12:17:16 | SUCCESS | 成功獲取 DreamWorks 夢工廠動畫 節目表 (177 個節目)
2025-07-16 12:17:16 | DEBUG | 等待 1.27 秒後獲取 靖天卡通台 節目表
2025-07-16 12:17:18 | SUCCESS | 成功獲取 靖天卡通台 節目表 (144 個節目)
2025-07-16 12:17:18 | DEBUG | 等待 1.37 秒後獲取 靖洋卡通Nice Bingo 節目表
2025-07-16 12:17:19 | SUCCESS | 成功獲取 靖洋卡通Nice Bingo 節目表 (144 個節目)
2025-07-16 12:17:19 | DEBUG | 等待 2.20 秒後獲取 MOMO親子台 節目表
2025-07-16 12:17:22 | SUCCESS | 成功獲取 MOMO親子台 節目表 (216 個節目)
2025-07-16 12:17:22 | DEBUG | 等待 2.51 秒後獲取 東森購物一台 節目表
2025-07-16 12:17:25 | SUCCESS | 成功獲取 東森購物一台 節目表 (72 個節目)
2025-07-16 12:17:25 | DEBUG | 等待 2.83 秒後獲取 鏡電視新聞台 節目表
2025-07-16 12:17:28 | SUCCESS | 成功獲取 鏡電視新聞台 節目表 (72 個節目)
2025-07-16 12:17:28 | DEBUG | 等待 1.74 秒後獲取 東森新聞台 節目表
2025-07-16 12:17:30 | SUCCESS | 成功獲取 東森新聞台 節目表 (33 個節目)
2025-07-16 12:17:30 | DEBUG | 等待 1.18 秒後獲取 華視新聞 節目表
2025-07-16 12:17:31 | SUCCESS | 成功獲取 華視新聞 節目表 (66 個節目)
2025-07-16 12:17:31 | DEBUG | 等待 2.74 秒後獲取 民視新聞台 節目表
2025-07-16 12:17:34 | SUCCESS | 成功獲取 民視新聞台 節目表 (72 個節目)
2025-07-16 12:17:34 | DEBUG | 等待 2.56 秒後獲取 三立新聞iNEWS 節目表
2025-07-16 12:17:37 | SUCCESS | 成功獲取 三立新聞iNEWS 節目表 (63 個節目)
2025-07-16 12:17:37 | DEBUG | 等待 3.00 秒後獲取 TVBS新聞 節目表
2025-07-16 12:17:41 | SUCCESS | 成功獲取 TVBS新聞 節目表 (72 個節目)
2025-07-16 12:17:41 | DEBUG | 等待 1.91 秒後獲取 東森財經新聞台 節目表
2025-07-16 12:17:43 | SUCCESS | 成功獲取 東森財經新聞台 節目表 (59 個節目)
2025-07-16 12:17:43 | DEBUG | 等待 2.51 秒後獲取 中視新聞 節目表
2025-07-16 12:17:46 | SUCCESS | 成功獲取 中視新聞 節目表 (72 個節目)
2025-07-16 12:17:46 | DEBUG | 等待 2.35 秒後獲取 中天新聞台 節目表
2025-07-16 12:17:48 | SUCCESS | 成功獲取 中天新聞台 節目表 (72 個節目)
2025-07-16 12:17:48 | DEBUG | 等待 1.20 秒後獲取 Bloomberg TV 節目表
2025-07-16 12:17:50 | SUCCESS | 成功獲取 Bloomberg TV 節目表 (60 個節目)
2025-07-16 12:17:50 | DEBUG | 等待 2.39 秒後獲取 寰宇新聞台 節目表
2025-07-16 12:17:52 | SUCCESS | 成功獲取 寰宇新聞台 節目表 (72 個節目)
2025-07-16 12:17:52 | DEBUG | 等待 2.58 秒後獲取 寰宇新聞台灣台 節目表
2025-07-16 12:17:55 | SUCCESS | 成功獲取 寰宇新聞台灣台 節目表 (72 個節目)
2025-07-16 12:17:55 | DEBUG | 等待 2.20 秒後獲取 SBN全球財經台 節目表
2025-07-16 12:17:58 | SUCCESS | 成功獲取 SBN全球財經台 節目表 (144 個節目)
2025-07-16 12:17:58 | DEBUG | 等待 2.52 秒後獲取 TVBS 節目表
2025-07-16 12:18:01 | SUCCESS | 成功獲取 TVBS 節目表 (72 個節目)
2025-07-16 12:18:01 | DEBUG | 等待 1.63 秒後獲取 東森購物二台 節目表
2025-07-16 12:18:02 | SUCCESS | 成功獲取 東森購物二台 節目表 (72 個節目)
2025-07-16 12:18:02 | DEBUG | 等待 1.41 秒後獲取 民視綜藝台 節目表
2025-07-16 12:18:04 | SUCCESS | 成功獲取 民視綜藝台 節目表 (53 個節目)
2025-07-16 12:18:04 | DEBUG | 等待 1.60 秒後獲取 豬哥亮歌廳秀 節目表
2025-07-16 12:18:06 | SUCCESS | 成功獲取 豬哥亮歌廳秀 節目表 (64 個節目)
2025-07-16 12:18:06 | DEBUG | 等待 1.62 秒後獲取 靖天育樂台 節目表
2025-07-16 12:18:08 | SUCCESS | 成功獲取 靖天育樂台 節目表 (73 個節目)
2025-07-16 12:18:08 | DEBUG | 等待 1.92 秒後獲取 KLT-靖天國際台 節目表
2025-07-16 12:18:10 | SUCCESS | 成功獲取 KLT-靖天國際台 節目表 (144 個節目)
2025-07-16 12:18:10 | DEBUG | 等待 1.65 秒後獲取 Nice TV 靖天歡樂台 節目表
2025-07-16 12:18:12 | SUCCESS | 成功獲取 Nice TV 靖天歡樂台 節目表 (66 個節目)
2025-07-16 12:18:12 | DEBUG | 等待 2.67 秒後獲取 靖天資訊台 節目表
2025-07-16 12:18:15 | SUCCESS | 成功獲取 靖天資訊台 節目表 (75 個節目)
2025-07-16 12:18:15 | DEBUG | 等待 2.14 秒後獲取 TVBS歡樂台 節目表
2025-07-16 12:18:18 | SUCCESS | 成功獲取 TVBS歡樂台 節目表 (72 個節目)
2025-07-16 12:18:18 | DEBUG | 等待 1.05 秒後獲取 韓國娛樂台 KMTV 節目表
2025-07-16 12:18:19 | SUCCESS | 成功獲取 韓國娛樂台 KMTV 節目表 (72 個節目)
2025-07-16 12:18:19 | DEBUG | 等待 2.27 秒後獲取 ROCK Entertainment 節目表
2025-07-16 12:18:22 | SUCCESS | 成功獲取 ROCK Entertainment 節目表 (92 個節目)
2025-07-16 12:18:22 | DEBUG | 等待 2.21 秒後獲取 Lifetime 娛樂頻道 節目表
2025-07-16 12:18:24 | SUCCESS | 成功獲取 Lifetime 娛樂頻道 節目表 (71 個節目)
2025-07-16 12:18:24 | DEBUG | 等待 1.50 秒後獲取 電影原聲台CMusic 節目表
2025-07-16 12:18:26 | SUCCESS | 成功獲取 電影原聲台CMusic 節目表 (1384 個節目)
2025-07-16 12:18:26 | DEBUG | 等待 1.99 秒後獲取 TRACE Urban 節目表
2025-07-16 12:18:28 | SUCCESS | 成功獲取 TRACE Urban 節目表 (33 個節目)
2025-07-16 12:18:28 | DEBUG | 等待 2.86 秒後獲取 MTV Live HD 音樂頻道 節目表
2025-07-16 12:18:32 | SUCCESS | 成功獲取 MTV Live HD 音樂頻道 節目表 (68 個節目)
2025-07-16 12:18:32 | DEBUG | 等待 2.19 秒後獲取 Mezzo Live HD 節目表
2025-07-16 12:18:34 | SUCCESS | 成功獲取 Mezzo Live HD 節目表 (53 個節目)
2025-07-16 12:18:34 | DEBUG | 等待 2.08 秒後獲取 CLASSICA 古典樂 節目表
2025-07-16 12:18:36 | SUCCESS | 成功獲取 CLASSICA 古典樂 節目表 (77 個節目)
2025-07-16 12:18:36 | DEBUG | 等待 1.08 秒後獲取 東森購物三台 節目表
2025-07-16 12:18:38 | SUCCESS | 成功獲取 東森購物三台 節目表 (72 個節目)
2025-07-16 12:18:38 | DEBUG | 等待 1.90 秒後獲取 INULTRA 節目表
2025-07-16 12:18:40 | SUCCESS | 成功獲取 INULTRA 節目表 (119 個節目)
2025-07-16 12:18:40 | DEBUG | 等待 1.35 秒後獲取 TRACE Sport Stars 節目表
2025-07-16 12:18:42 | SUCCESS | 成功獲取 TRACE Sport Stars 節目表 (144 個節目)
2025-07-16 12:18:42 | DEBUG | 等待 2.46 秒後獲取 智林體育台 節目表
2025-07-16 12:18:44 | SUCCESS | 成功獲取 智林體育台 節目表 (20 個節目)
2025-07-16 12:18:44 | DEBUG | 等待 1.53 秒後獲取 時尚運動X 節目表
2025-07-16 12:18:46 | SUCCESS | 成功獲取 時尚運動X 節目表 (268 個節目)
2025-07-16 12:18:46 | DEBUG | 等待 2.18 秒後獲取 車迷TV 節目表
2025-07-16 12:18:49 | SUCCESS | 成功獲取 車迷TV 節目表 (126 個節目)
2025-07-16 12:18:49 | DEBUG | 等待 2.09 秒後獲取 GINX Esports TV 節目表
2025-07-16 12:18:51 | SUCCESS | 成功獲取 GINX Esports TV 節目表 (75 個節目)
2025-07-16 12:18:51 | DEBUG | 等待 1.07 秒後獲取 Pet Club TV 節目表
2025-07-16 12:18:52 | SUCCESS | 成功獲取 Pet Club TV 節目表 (80 個節目)
2025-07-16 12:18:52 | DEBUG | 等待 2.82 秒後獲取 民視旅遊台 節目表
2025-07-16 12:18:55 | SUCCESS | 成功獲取 民視旅遊台 節目表 (138 個節目)
2025-07-16 12:18:55 | DEBUG | 等待 2.50 秒後獲取 滾動力rollor 節目表
2025-07-16 12:18:58 | SUCCESS | 成功獲取 滾動力rollor 節目表 (72 個節目)
2025-07-16 12:18:58 | DEBUG | 等待 1.47 秒後獲取 亞洲旅遊台 節目表
2025-07-16 12:19:00 | SUCCESS | 成功獲取 亞洲旅遊台 節目表 (72 個節目)
2025-07-16 12:19:00 | DEBUG | 等待 2.23 秒後獲取 fun探索娛樂台 節目表
2025-07-16 12:19:03 | SUCCESS | 成功獲取 fun探索娛樂台 節目表 (69 個節目)
2025-07-16 12:19:03 | DEBUG | 等待 2.39 秒後獲取 幸福空間居家台 節目表
2025-07-16 12:19:05 | SUCCESS | 成功獲取 幸福空間居家台 節目表 (72 個節目)
2025-07-16 12:19:05 | DEBUG | 等待 1.55 秒後獲取 Love Nature 節目表
2025-07-16 12:19:07 | SUCCESS | 成功獲取 Love Nature 節目表 (81 個節目)
2025-07-16 12:19:07 | DEBUG | 等待 1.14 秒後獲取 History 歷史頻道 節目表
2025-07-16 12:19:09 | SUCCESS | 成功獲取 History 歷史頻道 節目表 (81 個節目)
2025-07-16 12:19:09 | DEBUG | 等待 2.00 秒後獲取 愛爾達生活旅遊台 節目表
2025-07-16 12:19:11 | SUCCESS | 成功獲取 愛爾達生活旅遊台 節目表 (110 個節目)
2025-07-16 12:19:11 | DEBUG | 等待 2.04 秒後獲取 LUXE TV Channel 節目表
2025-07-16 12:19:13 | SUCCESS | 成功獲取 LUXE TV Channel 節目表 (190 個節目)
2025-07-16 12:19:13 | DEBUG | 等待 2.00 秒後獲取 TV5MONDE STYLE HD 生活時尚 節目表
2025-07-16 12:19:15 | SUCCESS | 成功獲取 TV5MONDE STYLE HD 生活時尚 節目表 (121 個節目)
2025-07-16 12:19:15 | DEBUG | 等待 1.10 秒後獲取 MagellanTV頻道 (麥哲倫頻道)  節目表
2025-07-16 12:19:17 | SUCCESS | 成功獲取 MagellanTV頻道 (麥哲倫頻道)  節目表 (90 個節目)
2025-07-16 12:19:17 | DEBUG | 等待 2.19 秒後獲取 公視戲劇 節目表
2025-07-16 12:19:19 | SUCCESS | 成功獲取 公視戲劇 節目表 (60 個節目)
2025-07-16 12:19:19 | DEBUG | 等待 2.63 秒後獲取 民視影劇台 節目表
2025-07-16 12:19:22 | SUCCESS | 成功獲取 民視影劇台 節目表 (61 個節目)
2025-07-16 12:19:22 | DEBUG | 等待 1.94 秒後獲取 HITS頻道 節目表
2025-07-16 12:19:25 | SUCCESS | 成功獲取 HITS頻道 節目表 (89 個節目)
2025-07-16 12:19:25 | DEBUG | 等待 1.58 秒後獲取 八大精彩台 節目表
2025-07-16 12:19:26 | SUCCESS | 成功獲取 八大精彩台 節目表 (72 個節目)
2025-07-16 12:19:26 | DEBUG | 等待 2.19 秒後獲取 霹靂布袋戲 節目表
2025-07-16 12:19:30 | SUCCESS | 成功獲取 霹靂布袋戲 節目表 (60 個節目)
2025-07-16 12:19:30 | DEBUG | 等待 1.33 秒後獲取 靖天戲劇台 節目表
2025-07-16 12:19:31 | SUCCESS | 成功獲取 靖天戲劇台 節目表 (72 個節目)
2025-07-16 12:19:31 | DEBUG | 等待 2.04 秒後獲取 靖洋戲劇台 節目表
2025-07-16 12:19:34 | SUCCESS | 成功獲取 靖洋戲劇台 節目表 (72 個節目)
2025-07-16 12:19:34 | DEBUG | 等待 1.41 秒後獲取 CI 罪案偵查頻道 節目表
2025-07-16 12:19:36 | SUCCESS | 成功獲取 CI 罪案偵查頻道 節目表 (92 個節目)
2025-07-16 12:19:36 | DEBUG | 等待 2.30 秒後獲取 視納華仁紀實頻道 節目表
2025-07-16 12:19:38 | SUCCESS | 成功獲取 視納華仁紀實頻道 節目表 (87 個節目)
2025-07-16 12:19:38 | DEBUG | 等待 1.14 秒後獲取 影迷數位紀實台 節目表
2025-07-16 12:19:40 | SUCCESS | 成功獲取 影迷數位紀實台 節目表 (81 個節目)
2025-07-16 12:19:40 | DEBUG | 等待 2.01 秒後獲取 金光布袋戲 節目表
2025-07-16 12:19:42 | SUCCESS | 成功獲取 金光布袋戲 節目表 (48 個節目)
2025-07-16 12:19:42 | DEBUG | 等待 1.79 秒後獲取 ROCK Action 節目表
2025-07-16 12:19:44 | SUCCESS | 成功獲取 ROCK Action 節目表 (40 個節目)
2025-07-16 12:19:44 | DEBUG | 等待 1.96 秒後獲取 采昌影劇台 節目表
2025-07-16 12:19:46 | SUCCESS | 成功獲取 采昌影劇台 節目表 (45 個節目)
2025-07-16 12:19:46 | DEBUG | 等待 2.08 秒後獲取 靖天映畫 節目表
2025-07-16 12:19:49 | SUCCESS | 成功獲取 靖天映畫 節目表 (36 個節目)
2025-07-16 12:19:49 | DEBUG | 等待 1.23 秒後獲取 靖天電影台 節目表
2025-07-16 12:19:50 | SUCCESS | 成功獲取 靖天電影台 節目表 (39 個節目)
2025-07-16 12:19:50 | DEBUG | 等待 1.89 秒後獲取 影迷數位電影台 節目表
2025-07-16 12:19:52 | SUCCESS | 成功獲取 影迷數位電影台 節目表 (38 個節目)
2025-07-16 12:19:52 | DEBUG | 等待 2.27 秒後獲取 amc電影台 節目表
2025-07-16 12:19:55 | SUCCESS | 成功獲取 amc電影台 節目表 (36 個節目)
2025-07-16 12:19:55 | DEBUG | 等待 1.86 秒後獲取 CinemaWorld 節目表
2025-07-16 12:19:57 | SUCCESS | 成功獲取 CinemaWorld 節目表 (44 個節目)
2025-07-16 12:19:57 | DEBUG | 等待 2.70 秒後獲取 My Cinema Europe HD 我的歐洲電影 節目表
2025-07-16 12:20:00 | SUCCESS | 成功獲取 My Cinema Europe HD 我的歐洲電影 節目表 (45 個節目)
2025-07-16 12:20:00 | DEBUG | 等待 2.76 秒後獲取 好消息 節目表
2025-07-16 12:20:03 | SUCCESS | 成功獲取 好消息 節目表 (162 個節目)
2025-07-16 12:20:03 | DEBUG | 等待 2.56 秒後獲取 好消息2台 節目表
2025-07-16 12:20:06 | SUCCESS | 成功獲取 好消息2台 節目表 (135 個節目)
2025-07-16 12:20:06 | DEBUG | 等待 2.09 秒後獲取 大愛二台 節目表
2025-07-16 12:20:08 | SUCCESS | 成功獲取 大愛二台 節目表 (150 個節目)
2025-07-16 12:20:08 | DEBUG | 等待 1.98 秒後獲取 人間衛視 節目表
2025-07-16 12:20:11 | SUCCESS | 成功獲取 人間衛視 節目表 (84 個節目)
2025-07-16 12:20:11 | DEBUG | 等待 2.24 秒後獲取 NHK WORLD-JAPAN 節目表
2025-07-16 12:20:13 | SUCCESS | 成功獲取 NHK WORLD-JAPAN 節目表 (174 個節目)
2025-07-16 12:20:13 | DEBUG | 等待 2.09 秒後獲取 FRANCE24 英文台 節目表
2025-07-16 12:20:16 | SUCCESS | 成功獲取 FRANCE24 英文台 節目表 (356 個節目)
2025-07-16 12:20:16 | DEBUG | 等待 2.45 秒後獲取 半島國際新聞台 節目表
2025-07-16 12:20:18 | SUCCESS | 成功獲取 半島國際新聞台 節目表 (117 個節目)
2025-07-16 12:20:18 | DEBUG | 等待 1.38 秒後獲取 CNBC Asia 財經台 節目表
2025-07-16 12:20:20 | SUCCESS | 成功獲取 CNBC Asia 財經台 節目表 (141 個節目)
2025-07-16 12:20:20 | DEBUG | 等待 2.33 秒後獲取 DW德國之聲 節目表
2025-07-16 12:20:23 | SUCCESS | 成功獲取 DW德國之聲 節目表 (179 個節目)
2025-07-16 12:20:23 | DEBUG | 等待 1.44 秒後獲取 國會頻道1 節目表
2025-07-16 12:20:24 | SUCCESS | 成功獲取 國會頻道1 節目表 (12 個節目)
2025-07-16 12:20:24 | DEBUG | 等待 1.23 秒後獲取 國會頻道2 節目表
2025-07-16 12:20:26 | SUCCESS | 成功獲取 國會頻道2 節目表 (12 個節目)
2025-07-16 12:20:26 | DEBUG | 等待 1.59 秒後獲取 TVBS綜藝台 節目表
2025-07-16 12:20:28 | SUCCESS | 成功獲取 TVBS綜藝台 節目表 (72 個節目)
2025-07-16 12:20:28 | DEBUG | 等待 1.97 秒後獲取 TVBS台劇台 節目表
2025-07-16 12:20:30 | SUCCESS | 成功獲取 TVBS台劇台 節目表 (72 個節目)
2025-07-16 12:20:30 | DEBUG | 等待 2.90 秒後獲取 經典電影台 節目表
2025-07-16 12:20:33 | SUCCESS | 成功獲取 經典電影台 節目表 (38 個節目)
2025-07-16 12:20:33 | DEBUG | 等待 2.71 秒後獲取 經典卡通台 節目表
2025-07-16 12:20:36 | SUCCESS | 成功獲取 經典卡通台 節目表 (40 個節目)
2025-07-16 12:20:36 | DEBUG | 等待 2.52 秒後獲取 精選動漫台 節目表
2025-07-16 12:20:39 | SUCCESS | 成功獲取 精選動漫台 節目表 (216 個節目)
2025-07-16 12:20:39 | DEBUG | 等待 2.67 秒後獲取 戲劇免費看 1台 節目表
2025-07-16 12:20:42 | SUCCESS | 成功獲取 戲劇免費看 1台 節目表 (108 個節目)
2025-07-16 12:20:42 | INFO | 共獲取 115 個頻道, 12376 個節目
2025-07-16 12:20:42 | INFO | 電子節目表單已生成: /home/runner/work/EPG/EPG/output/4g.xml
2025-07-16 12:20:42 | SUCCESS | EPG生成完成: /home/runner/work/EPG/EPG/output/4g.xml
